# JRE version: OpenJDK Runtime Environment Temurin-17.0.12+7 (17.0.12+7) (build 17.0.12+7)
# Java VM: OpenJDK 64-Bit Server VM Temurin-17.0.12+7 (17.0.12+7, mixed mode, sharing, tiered, compressed oops, compressed class ptrs, g1 gc, windows-amd64)
GC Precious Log:
 CPUs: 8 total, 8 available
 Memory: 3957M
 Large Page Support: Disabled
 NUMA Support: Disabled
 Compressed Oops: Enabled (32-bit)
 Heap Region Size: 1M
 Heap Min Capacity: 8M
 Heap Initial Capacity: 62M
 Heap Max Capacity: 2G
 Pre-touch: Disabled
 Parallel Workers: 8
 Concurrent Workers: 2
 Concurrent Refinement Workers: 8
 Periodic GC: Disabled
Heap:
 garbage-first heap   total 307200K, used 195253K [0x0000000080000000, 0x0000000100000000)
  region size 1024K, 7 young (7168K), 7 survivors (7168K)
 Metaspace       used 96603K, committed 97728K, reserved 557056K
  class space    used 13563K, committed 14080K, reserved 425984K
GC Heap History (20 events):
Event: 464.901 GC heap after
{Heap after GC invocations=61 (full 0):
 garbage-first heap   total 218112K, used 119663K [0x0000000080000000, 0x0000000100000000)
  region size 1024K, 2 young (2048K), 2 survivors (2048K)
 Metaspace       used 92344K, committed 93248K, reserved 557056K
  class space    used 13100K, committed 13504K, reserved 425984K
}
Event: 466.584 GC heap before
{Heap before GC invocations=61 (full 0):
 garbage-first heap   total 218112K, used 171887K [0x0000000080000000, 0x0000000100000000)
  region size 1024K, 51 young (52224K), 2 survivors (2048K)
 Metaspace       used 93032K, committed 94016K, reserved 557056K
  class space    used 13152K, committed 13568K, reserved 425984K
}
Event: 466.603 GC heap after
{Heap after GC invocations=62 (full 0):
 garbage-first heap   total 218112K, used 136192K [0x0000000080000000, 0x0000000100000000)
  region size 1024K, 7 young (7168K), 7 survivors (7168K)
 Metaspace       used 93032K, committed 94016K, reserved 557056K
  class space    used 13152K, committed 13568K, reserved 425984K
}
Event: 470.444 GC heap before
{Heap before GC invocations=62 (full 0):
 garbage-first heap   total 218112K, used 173056K [0x0000000080000000, 0x0000000100000000)
  region size 1024K, 43 young (44032K), 7 survivors (7168K)
 Metaspace       used 94646K, committed 95616K, reserved 557056K
  class space    used 13304K, committed 13760K, reserved 425984K
}
Event: 470.459 GC heap after
{Heap after GC invocations=63 (full 0):
 garbage-first heap   total 218112K, used 146163K [0x0000000080000000, 0x0000000100000000)
  region size 1024K, 6 young (6144K), 6 survivors (6144K)
 Metaspace       used 94646K, committed 95616K, reserved 557056K
  class space    used 13304K, committed 13760K, reserved 425984K
}
Event: 471.769 GC heap before
{Heap before GC invocations=63 (full 0):
 garbage-first heap   total 218112K, used 175859K [0x0000000080000000, 0x0000000100000000)
  region size 1024K, 35 young (35840K), 6 survivors (6144K)
 Metaspace       used 94914K, committed 95872K, reserved 557056K
  class space    used 13320K, committed 13760K, reserved 425984K
}
Event: 471.785 GC heap after
{Heap after GC invocations=64 (full 0):
 garbage-first heap   total 218112K, used 151884K [0x0000000080000000, 0x0000000100000000)
  region size 1024K, 5 young (5120K), 5 survivors (5120K)
 Metaspace       used 94914K, committed 95872K, reserved 557056K
  class space    used 13320K, committed 13760K, reserved 425984K
}
Event: 472.686 GC heap before
{Heap before GC invocations=64 (full 0):
 garbage-first heap   total 218112K, used 177484K [0x0000000080000000, 0x0000000100000000)
  region size 1024K, 30 young (30720K), 5 survivors (5120K)
 Metaspace       used 95031K, committed 96064K, reserved 557056K
  class space    used 13328K, committed 13824K, reserved 425984K
}
Event: 472.695 GC heap after
{Heap after GC invocations=65 (full 0):
 garbage-first heap   total 218112K, used 157604K [0x0000000080000000, 0x0000000100000000)
  region size 1024K, 4 young (4096K), 4 survivors (4096K)
 Metaspace       used 95031K, committed 96064K, reserved 557056K
  class space    used 13328K, committed 13824K, reserved 425984K
}
Event: 473.705 GC heap before
{Heap before GC invocations=65 (full 0):
 garbage-first heap   total 218112K, used 180132K [0x0000000080000000, 0x0000000100000000)
  region size 1024K, 26 young (26624K), 4 survivors (4096K)
 Metaspace       used 95691K, committed 96704K, reserved 557056K
  class space    used 13422K, committed 13888K, reserved 425984K
}
Event: 473.716 GC heap after
{Heap after GC invocations=66 (full 0):
 garbage-first heap   total 218112K, used 163836K [0x0000000080000000, 0x0000000100000000)
  region size 1024K, 4 young (4096K), 4 survivors (4096K)
 Metaspace       used 95691K, committed 96704K, reserved 557056K
  class space    used 13422K, committed 13888K, reserved 425984K
}
Event: 474.464 GC heap before
{Heap before GC invocations=66 (full 0):
 garbage-first heap   total 218112K, used 182268K [0x0000000080000000, 0x0000000100000000)
  region size 1024K, 22 young (22528K), 4 survivors (4096K)
 Metaspace       used 96081K, committed 97152K, reserved 557056K
  class space    used 13470K, committed 13952K, reserved 425984K
}
Event: 474.475 GC heap after
{Heap after GC invocations=67 (full 0):
 garbage-first heap   total 218112K, used 169681K [0x0000000080000000, 0x0000000100000000)
  region size 1024K, 3 young (3072K), 3 survivors (3072K)
 Metaspace       used 96081K, committed 97152K, reserved 557056K
  class space    used 13470K, committed 13952K, reserved 425984K
}
Event: 475.909 GC heap before
{Heap before GC invocations=67 (full 0):
 garbage-first heap   total 218112K, used 182993K [0x0000000080000000, 0x0000000100000000)
  region size 1024K, 17 young (17408K), 3 survivors (3072K)
 Metaspace       used 96151K, committed 97216K, reserved 557056K
  class space    used 13476K, committed 13952K, reserved 425984K
}
Event: 475.946 GC heap after
{Heap after GC invocations=68 (full 0):
 garbage-first heap   total 218112K, used 174598K [0x0000000080000000, 0x0000000100000000)
  region size 1024K, 3 young (3072K), 3 survivors (3072K)
 Metaspace       used 96151K, committed 97216K, reserved 557056K
  class space    used 13476K, committed 13952K, reserved 425984K
}
Event: 476.369 GC heap before
{Heap before GC invocations=68 (full 0):
 garbage-first heap   total 218112K, used 184838K [0x0000000080000000, 0x0000000100000000)
  region size 1024K, 14 young (14336K), 3 survivors (3072K)
 Metaspace       used 96153K, committed 97216K, reserved 557056K
  class space    used 13476K, committed 13952K, reserved 425984K
}
Event: 476.374 GC heap after
{Heap after GC invocations=69 (full 0):
 garbage-first heap   total 218112K, used 177483K [0x0000000080000000, 0x0000000100000000)
  region size 1024K, 2 young (2048K), 2 survivors (2048K)
 Metaspace       used 96153K, committed 97216K, reserved 557056K
  class space    used 13476K, committed 13952K, reserved 425984K
}
Event: 476.867 GC heap before
{Heap before GC invocations=69 (full 0):
 garbage-first heap   total 307200K, used 186699K [0x0000000080000000, 0x0000000100000000)
  region size 1024K, 11 young (11264K), 2 survivors (2048K)
 Metaspace       used 96185K, committed 97216K, reserved 557056K
  class space    used 13480K, committed 13952K, reserved 425984K
}
Event: 476.873 GC heap after
{Heap after GC invocations=70 (full 0):
 garbage-first heap   total 307200K, used 183276K [0x0000000080000000, 0x0000000100000000)
  region size 1024K, 2 young (2048K), 2 survivors (2048K)
 Metaspace       used 96185K, committed 97216K, reserved 557056K
  class space    used 13480K, committed 13952K, reserved 425984K
}
Event: 482.834 GC heap before
{Heap before GC invocations=71 (full 0):
 garbage-first heap   total 307200K, used 233452K [0x0000000080000000, 0x0000000100000000)
  region size 1024K, 49 young (50176K), 2 survivors (2048K)
 Metaspace       used 96603K, committed 97728K, reserved 557056K
  class space    used 13563K, committed 14080K, reserved 425984K
}

